8
16
3
3
126
126
3
0.8
16
17
0
5.45
18
126
3
0.8
19
126
2
2.45
20
126
2
2.6
21
22
0
5.75
23
126
3
0.7
24
25
2
4.85
26
126
2
2.45
27
28
0
5.45
29
126
2
2.6
30
126
2
2.45
31
126
3
0.8
32
126
3
0.8
33
126
3
0.75
34
126
3
0.75
35
36
2
4.75
37
126
2
2.45
38
39
3
1.7
128
127
2
4.75
40
41
3
1.75
128
42
2
4.95
43
126
3
0.8
44
45
0
6.05
46
127
2
4.75
47
126
3
0.75
48
49
2
4.95
50
51
3
1.75
128
126
2
2.35
52
53
2
5.05
128
54
2
4.85
55
56
3
1.75
57
58
3
1.65
59
60
2
4.75
61
62
2
4.85
63
64
3
1.75
65
127
3
1.65
128
66
2
5.05
67
127
2
4.2
128
68
1
3.6
126
127
3
1.7
128
69
0
7.1
128
70
0
5.05
127
71
0
6.75
128
127
2
4.7
128
127
2
4.75
72
127
2
4.75
73
128
0
6.45
74
127
2
4.75
75
127
1
2.65
128
76
3
1.7
128
77
3
1.55
78
79
0
4.95
127
126
3
0.65
80
128
0
4.95
127
128
0
5.85
81
82
2
5.3
128
83
2
4.85
128
127
2
4.95
84
85
0
5.95
128
128
0
4.95
127
86
3
1.75
87
127
0
6.15
88
89
3
1.75
128
127
3
1.55
90
91
3
1.85
128
92
0
6.5
127
93
1
2.75
128
95
0
7.1
128
98
2
5.05
100
127
1
2.45
128
101
3
1.75
128
128
2
5.05
104
105
3
1.75
128
127
2
5.05
128
107
0
6.5
127
128
3
1.55
108
109
1
2.65
127
127
0
6.95
128
127
2
3.9
128
110
3
1.75
112
115
0
6.05
113
119
0
4.95
117
127
0
6.05
128
120
0
6.05
128
128
0
5.85
121
122
0
7.05
128
125
2
4.85
128
127
3
1.7
128
128
0
6.4
127
127
2
5.4
128
128
1
3.1
127
128
0
6.25
128
94
0
6.35
128
127
3
1.75
128
127
2
4.95
96
97
0
6.05
128
128
1
2.45
127
99
0
4.95
127
127
3
1.35
128
128
3
1.55
127
102
0
6.5
127
128
1
2.45
103
127
1
2.75
128
127
3
1.7
128
106
3
1.65
127
127
2
5
128
128
1
3
127
127
0
6.6
128
127
2
5.25
128
127
2
4.8
111
128
1
2.35
127
127
2
4.85
128
128
0
6.6
114
127
2
5.05
128
128
1
2.45
116
128
0
5.95
127
118
1
2.25
127
127
0
5.5
128
127
2
3.9
128
128
1
2.45
127
127
2
4.95
128
123
0
6.5
127
128
1
2.45
124
127
1
2.75
128
128
1
3.1
127
0
1072693248
2
0
0
1072693248
2
1
0
1073741824
2
2
16
3
3
137
137
2
2.35
16
17
0
5.45
18
137
3
0.7
19
137
2
2.5
20
21
3
1.65
139
22
2
4.75
23
24
0
5.45
25
137
3
0.8
26
27
0
5.45
28
137
3
0.75
29
30
0
5.45
31
137
2
2.6
32
33
0
5.45
34
137
3
0.8
35
137
3
0.8
36
137
2
2.45
37
38
3
1.65
39
137
3
0.8
40
41
2
4.95
42
43
3
1.75
44
45
0
5.75
46
47
0
5.45
48
137
3
0.8
49
50
2
4.85
51
137
3
0.8
138
52
2
4.75
53
54
3
1.7
139
55
1
2.8
56
57
2
4.85
58
59
0
6.15
60
137
2
2.45
61
62
2
4.85
63
64
0
6.05
65
137
2
2.45
66
67
2
4.75
68
138
2
4.75
69
70
0
5.75
71
138
2
4.75
72
138
0
5.85
73
139
0
5.75
74
138
1
2.45
75
76
1
3.45
137
77
0
6.05
139
138
2
4.95
78
79
2
4.85
139
138
3
1.55
139
80
0
7.2
139
137
3
0.8
138
137
2
2.45
81
138
3
1.65
139
138
0
6.05
82
83
2
4.95
84
137
2
2.6
138
85
3
1.75
86
138
2
4.95
87
137
0
4.7
138
137
2
3.2
138
137
3
0.7
138
88
3
1.7
139
89
2
4.85
139
90
3
1.75
139
138
3
1.55
139
137
3
0.7
138
91
3
1.75
139
138
3
1.7
139
92
3
1.65
139
138
3
1.6
139
138
1
3.45
137
93
3
1.75
139
94
3
1.85
139
138
3
1.6
139
138
2
4.75
95
96
2
4.95
97
98
1
2.25
138
138
3
1.75
99
139
1
2.6
138
138
1
2.65
102
138
3
1.7
139
139
3
1.55
107
139
1
3.1
138
110
2
4.95
108
138
0
6.15
113
139
0
6.5
138
138
3
1.65
139
114
3
1.7
139
116
2
5.05
139
139
1
3.05
117
139
1
2.65
118
119
2
5.35
139
123
0
4.95
121
138
2
5.05
139
139
0
6.2
124
138
2
5
139
126
0
6.15
138
127
1
3.05
129
138
3
1.45
130
134
1
3.05
138
135
3
1.75
139
139
0
6.1
138
100
3
1.85
139
101
0
6
139
139
1
3.1
138
104
1
2.85
103
138
3
1.7
138
105
0
6.15
106
138
3
1.65
139
139
0
6.55
138
138
0
6.95
139
109
3
1.7
139
139
3
1.55
138
138
3
1.7
111
112
2
4.85
139
138
0
5.95
139
138
2
5
139
139
3
1.55
115
138
2
5.45
139
139
0
6.15
138
138
3
1.9
139
139
3
1.55
138
138
1
2.75
120
139
1
2.95
138
138
3
1.65
122
139
1
3.1
138
138
2
3.9
139
125
3
1.6
138
138
1
2.65
139
139
3
1.55
138
128
3
1.55
139
138
2
4.95
139
138
2
5.2
139
131
3
1.7
139
132
0
6.75
139
138
2
4.95
133
139
3
1.55
138
138
1
2.65
139
136
0
6.5
138
139
3
1.55
138
0
0
2.75164e-135
0
0
620756993
5.15645e-312
1
0
1
0
2
16
3
3
110
110
3
0.8
16
110
2
2.6
17
110
3
0.75
18
110
3
0.8
19
110
3
0.8
20
110
3
0.75
21
110
2
2.7
22
110
2
2.45
23
110
3
0.8
24
110
2
2.45
25
110
3
0.8
26
110
2
2.45
27
110
3
0.8
28
110
2
2.6
29
110
2
2.45
30
31
0
5.45
32
33
0
6.15
34
35
3
1.65
112
36
2
5.05
112
37
3
1.65
112
38
3
1.75
39
40
0
6.15
41
42
3
1.75
112
43
0
6.25
44
45
2
4.95
46
47
0
6.25
48
49
2
4.95
50
51
3
1.75
112
52
3
1.65
53
54
2
4.75
55
56
2
4.75
57
58
1
2.8
110
59
3
1.75
112
60
1
2.85
61
111
2
4.75
62
111
2
5
112
111
3
1.75
63
64
1
2.25
65
111
2
4.95
66
67
3
1.85
112
111
2
4.85
68
111
3
1.55
112
111
2
5.05
112
69
2
4.8
112
70
2
5.05
112
111
2
4.65
71
72
2
5.15
112
73
3
1.65
74
111
3
1.55
112
111
3
1.65
112
75
2
5.05
112
76
0
7.05
112
111
2
4.95
112
77
2
5.05
112
78
0
4.95
111
79
0
6.05
80
81
1
2.55
111
82
3
1.55
112
112
0
4.95
111
110
3
0.65
83
84
2
4.8
85
111
2
4.95
112
111
3
1.55
112
111
0
5.95
112
111
0
5.5
112
111
3
1.45
87
112
3
1.55
111
112
1
3.15
111
89
3
1.7
112
90
0
5
111
111
2
4.65
91
111
3
1.65
92
111
3
1.75
112
111
2
4.85
93
94
3
1.85
112
112
1
2.75
111
111
3
1.45
95
97
2
4.95
111
111
2
3.9
112
112
0
5.75
100
112
0
6.45
103
111
3
1.6
112
112
1
2.35
105
111
3
1.45
106
111
3
1.55
112
112
2
5.05
86
111
3
1.75
112
111
2
5
88
111
1
2.75
112
112
2
5.05
111
111
2
3.9
112
112
0
6.5
111
112
1
3.1
111
112
1
2.45
111
112
1
3.1
111
111
2
4.95
96
112
3
1.6
111
98
2
4.85
112
99
0
5.95
112
112
2
4.65
111
101
1
3.1
111
102
3
1.7
112
112
3
1.55
111
104
3
1.75
112
111
2
5.4
112
111
0
6.6
111
111
2
4.85
107
112
1
2.45
108
111
0
6.15
109
112
1
2.9
111
0
3223584768
-8
0
0
1075354009
4.85
1
0
1073374822
3.1
2
16
3
3
120
120
3
0.7
16
120
3
0.8
17
120
3
0.75
18
19
0
5.45
20
120
3
0.8
21
120
2
2.45
22
120
3
0.75
23
120
2
2.35
24
120
2
2.6
25
120
3
0.75
26
120
3
0.8
27
28
0
5.45
29
120
3
0.7
30
31
2
4.75
32
120
3
0.8
33
120
3
0.7
34
35
0
6.2
36
37
3
1.75
122
38
3
1.7
39
120
3
0.8
40
41
3
1.75
42
43
3
1.65
44
45
2
4.95
46
47
3
1.65
48
49
3
1.65
122
50
3
1.75
122
51
3
1.75
52
53
2
4.95
122
120
2
2.45
54
55
2
4.75
56
57
3
1.65
58
59
0
5.3
60
61
3
1.75
122
62
2
4.75
63
64
3
1.7
65
121
3
1.7
66
121
3
1.55
122
67
3
1.55
68
121
2
4.95
69
70
0
5.95
122
121
3
1.6
122
71
1
3.7
120
122
1
3.05
72
121
2
5.45
122
73
0
5.95
122
74
2
4.65
75
76
3
1.7
122
121
0
7.1
122
77
2
5.05
122
121
2
4.95
78
121
3
1.45
79
80
1
2.25
81
122
1
3.05
82
83
1
2.55
121
122
0
4.95
121
120
3
0.65
121
84
3
1.7
85
86
1
2.25
87
88
2
4.85
122
120
2
2.6
89
120
2
2.5
121
122
1
2.35
90
91
0
4.95
121
92
3
1.75
122
121
2
5.45
122
93
2
4.85
122
94
2
4.85
122
95
1
2.25
121
122
1
2.6
96
98
0
6.05
122
121
2
4.85
122
99
0
7.1
122
121
0
6.05
122
122
1
2.95
121
121
3
1.6
122
121
2
4.75
105
122
2
5.05
107
122
2
4.65
108
122
3
1.55
110
111
1
2.85
121
121
2
4.75
122
112
2
5.35
122
113
3
1.9
122
122
0
4.95
121
114
2
5.05
121
115
3
1.85
122
122
0
6.1
121
116
3
1.55
117
122
1
3.1
121
122
0
4.95
121
118
0
6.5
121
121
1
2.45
122
121
2
5.05
119
122
1
3.1
121
122
1
3.1
121
121
2
4.75
122
121
1
2.85
97
122
3
1.65
121
122
1
2.45
121
104
1
2.25
100
121
3
1.35
101
102
1
2.85
121
121
2
5
103
121
0
6.05
122
121
2
4.75
122
121
3
1.65
106
122
1
3.1
121
121
2
5.35
122
109
1
3.1
121
121
3
1.75
122
121
2
5.45
122
121
2
5
122
122
0
4.95
121
122
1
3.15
121
121
3
1.45
122
121
0
6
122
121
2
5.25
122
121
0
6.6
122
121
1
2.55
122
121
0
6.15
122
0
1075838976
9
0
0
3223322624
5.45
1
0
1075013222
0.7
2
16
3
3
120
120
3
0.8
16
120
2
2.6
17
120
3
0.7
18
19
0
5.45
20
120
2
2.45
21
120
3
0.8
22
23
0
5.45
24
120
2
2.45
25
120
3
0.8
26
27
0
5.45
28
120
2
2.6
29
120
2
2.6
30
120
2
2.6
31
120
3
0.8
32
33
0
5.45
34
120
2
2.45
35
121
2
4.75
36
37
2
4.75
38
39
2
4.75
40
120
3
0.8
41
42
2
4.75
43
44
3
1.75
45
46
3
1.65
47
120
3
0.75
48
49
3
1.7
122
50
3
1.75
122
51
3
1.65
52
120
3
0.8
121
53
3
1.75
54
55
2
4.75
56
57
3
1.7
58
59
3
1.7
60
121
3
1.55
61
120
3
0.8
62
63
0
7
122
64
2
4.75
65
66
2
4.95
122
122
0
4.95
121
67
2
5.05
122
121
3
1.65
122
68
2
5.05
122
121
3
1.6
122
121
1
3.4
120
69
2
5.05
122
70
1
2.25
71
72
0
6
122
121
2
4.95
122
122
0
6.6
73
122
0
4.95
121
120
3
0.7
74
75
2
4.95
76
77
1
2.25
78
79
3
1.85
122
120
2
2.6
80
81
2
4.85
122
121
3
1.65
122
82
3
1.75
122
121
3
1.35
83
84
0
6
122
121
2
4.95
85
86
0
5.95
122
87
3
1.75
88
122
0
4.95
121
89
3
1.7
90
122
0
4.95
121
91
3
1.7
92
93
1
3.05
121
94
3
1.75
122
122
0
6.5
121
95
0
6.25
121
121
2
4.75
122
96
2
5.05
98
122
1
3.1
121
121
2
5.1
122
121
1
2.25
121
100
1
2.55
121
122
3
1.55
101
121
2
4.75
122
103
0
7.05
122
105
0
5.95
122
121
2
4.95
106
122
1
3.1
121
109
2
5.35
122
121
2
4.95
110
121
2
4.85
122
122
3
1.55
113
121
3
1.85
122
114
2
5.4
122
115
2
4.85
122
120
2
2.7
116
122
1
3.15
117
122
1
2.35
118
119
2
4.85
122
122
0
6.45
121
122
0
6.35
121
122
1
3.1
121
121
3
1.65
97
122
1
2.75
121
99
1
2.75
122
121
2
5.35
122
121
3
1.5
122
121
1
2.85
102
122
3
1.65
121
121
2
5
104
121
1
2.75
122
122
1
3.1
121
122
3
1.55
107
108
3
1.65
121
121
0
6.6
122
122
1
2.35
121
111
1
2.75
122
122
2
5.05
112
121
2
5.35
122
121
2
5.45
122
122
1
2.75
121
121
0
5.95
122
121
2
4.95
122
121
0
6.05
122
121
1
2.75
122
122
1
3.1
121
0
1075838976
9
0
0
3223322624
5.45
1
0
1075013222
0.7
2
16
3
3
124
124
3
0.75
16
17
0
5.45
18
124
2
2.45
19
124
3
0.75
20
124
2
2.45
21
22
3
1.75
23
24
0
5.45
25
124
2
2.45
26
27
3
1.65
126
124
3
0.8
28
124
3
0.8
29
124
3
0.8
30
124
3
0.8
31
32
0
5.55
33
34
0
5.45
35
124
3
0.8
36
37
3
1.55
38
39
1
2.7
124
40
2
4.75
41
42
2
4.75
43
44
0
6.25
45
46
2
5.05
126
124
3
0.8
47
48
0
5.95
126
124
2
2.45
49
50
3
1.75
126
51
2
4.95
52
124
2
2.45
53
125
2
4.75
54
55
3
1.75
126
56
3
1.75
126
57
3
1.65
126
58
1
2.8
59
60
3
1.7
61
124
3
0.8
62
63
2
4.85
64
65
3
1.75
126
125
2
4.95
126
66
3
1.75
126
124
2
2.15
125
124
2
2.6
125
67
2
4.95
68
69
1
2.55
125
70
0
6.05
71
72
2
4.75
73
74
0
6.85
75
76
0
4.95
77
78
0
4.95
79
125
2
4.9
126
125
2
3.7
80
124
2
2.65
81
125
3
1.7
82
83
3
1.75
126
125
2
4.95
84
85
3
1.75
126
86
2
5.45
126
125
2
4.95
87
125
2
5.35
126
124
3
0.65
125
124
3
1.05
125
88
1
3.6
124
89
0
6.1
126
125
3
1.6
126
124
2
2.6
125
90
2
5.05
91
92
1
2.85
125
126
0
5.45
93
125
1
2.6
126
94
3
1.7
126
125
3
1.5
126
126
1
2.35
96
99
2
5.05
126
126
0
4.95
125
101
1
3.1
125
125
3
1.75
126
125
2
5.05
126
125
1
2.45
126
104
3
1.75
106
125
3
1.35
126
125
1
2.25
107
125
3
1.6
126
125
2
4.85
108
126
0
5.75
113
126
1
2.8
125
126
3
1.55
114
115
0
7.05
126
125
2
4.45
117
126
1
2.65
119
125
3
1.55
120
126
1
3.1
125
126
0
6.5
125
121
3
1.7
126
125
3
1.25
122
125
0
6.95
126
95
2
5.35
126
126
3
1.55
125
126
0
5.85
97
125
3
1.7
98
126
1
3.1
125
100
0
6.5
125
125
3
1.65
126
126
2
5.05
102
103
2
5.35
126
125
3
1.7
126
125
2
4.95
105
126
1
2.6
125
125
0
5.95
126
125
2
5.35
126
126
1
2.35
109
125
0
6.05
110
126
3
1.45
111
125
1
2.65
112
126
3
1.6
125
125
0
5.95
126
125
0
6.6
126
125
2
4.95
116
126
3
1.55
125
118
1
2.6
125
125
1
2.35
126
126
3
1.55
125
125
2
5.45
126
125
0
6.05
126
125
0
6.05
123
125
2
5
126
0
0
2.78134e-309
0
0
0
2.78134e-309
1
0
131072
4.55695e-304
2
16
3
3
128
128
3
0.75
16
17
0
5.45
18
128
3
0.8
19
128
2
2.6
20
128
2
2.35
21
22
3
1.75
130
128
2
2.45
23
128
3
0.8
24
128
3
0.7
25
128
2
2.45
26
27
0
5.55
28
128
3
0.8
29
128
2
2.6
30
128
3
0.8
31
128
2
2.6
32
128
2
2.6
33
34
3
1.75
35
128
3
0.75
36
37
0
6.25
38
39
2
4.85
40
41
3
1.75
42
43
2
4.75
44
45
0
5.45
46
47
2
4.85
48
49
2
4.95
130
50
0
6.25
51
129
2
4.75
52
128
2
2.45
53
54
0
6.25
55
56
3
1.7
57
58
2
4.75
59
60
3
1.55
61
129
2
4.85
62
63
2
4.95
64
65
2
4.95
66
67
2
4.85
130
130
0
4.95
129
68
2
4.75
69
70
2
4.95
130
129
3
1.55
71
72
1
3.05
130
73
1
2.65
129
74
2
4.85
130
129
3
1.65
130
75
3
1.75
76
128
2
2.45
129
77
1
3.45
128
129
2
4.65
78
79
3
1.75
130
129
3
1.7
80
81
3
1.65
82
129
3
1.55
83
84
2
4.95
85
129
3
1.6
130
86
2
4.75
87
88
3
1.7
130
89
1
2.25
129
90
0
5.95
130
129
3
1.65
130
91
3
1.75
92
93
1
2.25
94
95
0
6.15
130
96
2
5.05
97
129
3
1.65
130
98
0
6.05
130
99
0
4.95
129
130
3
1.65
129
130
1
3.1
129
128
2
2.65
129
130
0
5.85
100
129
3
1.65
130
130
1
3
129
103
3
1.75
130
129
2
4.95
130
129
0
5.95
130
130
1
2.65
108
130
1
3.05
109
110
1
2.65
129
129
2
4.75
112
114
0
7.05
130
129
0
5.95
130
129
3
1.25
116
130
0
5.75
118
129
2
4.8
130
129
3
1.65
119
120
3
1.7
130
128
3
0.7
129
130
1
2.65
122
129
3
1.55
123
129
2
4.75
130
130
1
3.1
129
129
2
5.05
130
124
0
5.95
130
129
2
4.75
130
129
2
5.25
130
130
1
3.1
129
130
1
2.85
129
125
1
2.75
130
130
0
5.95
127
129
3
1.35
130
129
0
5.95
101
102
1
2.75
130
130
3
1.55
129
104
0
6.95
130
105
0
6.5
129
129
2
4.95
106
130
1
2.65
107
130
3
1.55
129
129
0
7.05
130
129
2
4.95
130
129
3
1.35
111
130
0
6.15
129
129
0
6.05
113
129
3
1.6
130
115
3
1.55
129
130
1
2.95
129
117
1
2.65
129
129
2
4.75
130
130
1
3.1
129
130
1
3.1
129
130
2
5.05
121
129
0
6.05
130
129
3
1.7
130
129
0
6.75
130
130
1
3.1
129
126
3
1.75
130
130
3
1.5
129
130
3
1.55
129
0
1072693248
2
0
0
1073741824
1
1
0
1074266112
2
2
16
3
3
119
119
3
0.75
16
119
2
2.7
17
18
2
4.85
121
19
0
5.45
20
21
0
5.55
22
23
2
4.95
121
119
2
2.6
24
119
3
0.8
25
119
2
2.45
26
119
2
2.7
27
28
2
4.85
29
119
3
0.8
30
119
2
2.75
31
32
0
5.75
33
119
3
0.75
34
35
0
5.45
36
37
3
1.75
38
120
2
4.75
39
40
1
3.35
41
119
2
2.6
42
43
0
6.35
44
119
2
2.45
45
46
3
1.75
121
119
2
2.6
47
48
3
1.7
49
50
3
1.7
51
52
3
1.65
53
54
2
4.85
55
56
0
5.45
57
58
2
4.95
121
59
2
4.95
60
61
3
1.75
62
119
3
0.75
63
64
3
1.75
65
66
2
4.85
67
119
2
2.6
120
68
3
1.75
121
120
0
7.1
121
69
2
4.85
121
70
2
5.05
121
119
2
2.3
71
119
0
5.9
120
72
0
4.95
120
73
2
4.85
74
120
3
1.55
121
120
3
1.6
121
75
2
5.05
76
77
0
4.95
78
120
2
4.95
79
80
2
4.85
121
120
2
4.95
81
121
1
3.05
82
120
2
5
121
83
0
6
121
121
0
4.95
84
85
3
1.75
121
119
3
0.8
86
87
1
3.35
119
120
1
2.6
121
120
3
1.65
88
89
3
1.7
121
90
3
1.55
91
92
0
5.95
121
121
0
5.05
93
120
2
4.95
94
95
0
5.95
121
120
3
1.7
96
97
3
1.75
121
98
1
3.6
119
120
0
5.95
121
99
1
3.05
120
100
2
4.75
102
120
3
1.35
121
119
2
2.45
120
103
1
2.55
121
119
3
0.7
120
105
1
2.75
121
120
1
2.45
121
120
3
1.65
121
121
3
1.55
120
121
1
3.1
120
121
1
2.65
106
120
2
4.95
121
107
3
1.85
121
120
0
6.15
108
120
2
5.4
121
120
3
1.6
121
120
2
4.75
109
111
0
5.95
121
121
3
1.55
112
120
2
5.15
121
120
2
5.45
121
121
1
3.1
120
120
2
4.75
121
113
0
6.5
120
121
1
3.1
120
121
1
3.1
120
121
1
2.4
115
120
2
4.95
117
120
3
1.75
121
120
2
4.35
101
120
3
1.65
121
120
0
6.05
121
121
0
6.15
104
120
2
4.95
121
121
1
2.65
120
120
2
5.45
121
121
0
5.4
120
120
3
1.7
121
120
3
1.6
110
121
1
3.1
120
121
1
3
120
120
0
6.6
121
121
2
5.05
114
121
3
1.55
120
121
3
1.55
116
120
2
5.45
121
121
1
2.6
118
120
2
5.4
121
0
1072693248
2
0
0
0
3
1
0
1072693248
1
2
